  CameraLocation.cpp
c:\users\user\desktop\hse\programming\c++\курс 2\opengl\курсач\model creator\model creator\cameralocation.cpp(33): warning C4244: =: преобразование "LONG" в "GLfloat", возможна потеря данных
c:\users\user\desktop\hse\programming\c++\курс 2\opengl\курсач\model creator\model creator\cameralocation.cpp(34): warning C4244: =: преобразование "LONG" в "GLfloat", возможна потеря данных
c:\users\user\desktop\hse\programming\c++\курс 2\opengl\курсач\model creator\model creator\cameralocation.cpp(47): warning C4244: =: преобразование "LONG" в "GLfloat", возможна потеря данных
c:\users\user\desktop\hse\programming\c++\курс 2\opengl\курсач\model creator\model creator\cameralocation.cpp(48): warning C4244: =: преобразование "LONG" в "GLfloat", возможна потеря данных
  Создание кода...
  Компиляция...
  main.cpp
c:\users\user\desktop\hse\programming\c++\курс 2\opengl\курсач\model creator\model creator\helper.h(81): warning C4244: инициализация: преобразование "__int64" в "int", возможна потеря данных
c:\users\user\desktop\hse\programming\c++\курс 2\opengl\курсач\model creator\model creator\main.cpp(102): warning C4244: инициализация: преобразование "float" в "int", возможна потеря данных
c:\users\user\desktop\hse\programming\c++\курс 2\opengl\курсач\model creator\model creator\main.cpp(103): warning C4244: инициализация: преобразование "float" в "int", возможна потеря данных
c:\users\user\desktop\hse\programming\c++\курс 2\opengl\курсач\model creator\model creator\main.cpp(109): warning C4244: инициализация: преобразование "float" в "int", возможна потеря данных
c:\users\user\desktop\hse\programming\c++\курс 2\opengl\курсач\model creator\model creator\main.cpp(110): warning C4244: инициализация: преобразование "float" в "int", возможна потеря данных
c:\users\user\desktop\hse\programming\c++\курс 2\opengl\курсач\model creator\model creator\main.cpp(116): warning C4244: инициализация: преобразование "float" в "int", возможна потеря данных
c:\users\user\desktop\hse\programming\c++\курс 2\opengl\курсач\model creator\model creator\main.cpp(117): warning C4244: инициализация: преобразование "float" в "int", возможна потеря данных
c:\users\user\desktop\hse\programming\c++\курс 2\opengl\курсач\model creator\model creator\main.cpp(350): warning C4838: преобразование из "int" в "BYTE" требует сужающего преобразования
c:\users\user\desktop\hse\programming\c++\курс 2\opengl\курсач\model creator\model creator\main.cpp(625): warning C4244: return: преобразование "WPARAM" в "int", возможна потеря данных
  Создание кода...
  SOIL.lib(SOIL.obj) : найден .netmodule MSIL или модуль, откомпилированный с параметром /GL; перезапускается компоновка с параметром /LTCG; добавьте /LTCG в командную строку компоновки для повышения производительности компоновщика
LINK : warning LNK4075: эх єўшЄ√трхЄё  "/INCREMENTAL" шч-чр ёяхЎшЇшърЎшш "/LTCG"
CameraLocation.obj : warning LNK4075: эх єўшЄ√трхЄё  "/EDITANDCONTINUE" шч-чр ёяхЎшЇшърЎшш "/OPT:LBR"
LINK : warning LNK4098: сшсышюЄхър яю єьюыўрэш■ "MSVCRT" яЁюЄштюЁхўшЄ шёяюы№чютрэш■ фЁєушї сшсышюЄхъ; шёяюы№чєщЄх ярЁрьхЄЁ /NODEFAULTLIB:library
  ╤ючфрэшх ъюфр
  ╤ючфрэшх ъюфр чртхЁ°хэю
SOIL.lib(SOIL.obj) : warning LNK4099: "SOIL.pdb" PDB эх эрщфхэ ё "SOIL.lib(SOIL.obj)" шыш эр "C:\Users\User\Desktop\HSE\Programming\C++\╩єЁё 2\OpenGL\ъєЁёрў\Model creator\x64\Debug\SOIL.pdb"; ъюьяюэютър юс·хъЄр т√яюыэ хЄё  ъръ яЁш юЄёєЄёЄтшш юЄырфюўэ√ї фрээ√ї
SOIL.lib(image_helper.obj) : warning LNK4099: "SOIL.pdb" PDB эх эрщфхэ ё "SOIL.lib(image_helper.obj)" шыш эр "C:\Users\User\Desktop\HSE\Programming\C++\╩єЁё 2\OpenGL\ъєЁёрў\Model creator\x64\Debug\SOIL.pdb"; ъюьяюэютър юс·хъЄр т√яюыэ хЄё  ъръ яЁш юЄёєЄёЄтшш юЄырфюўэ√ї фрээ√ї
SOIL.lib(stb_image_aug.obj) : warning LNK4099: "SOIL.pdb" PDB эх эрщфхэ ё "SOIL.lib(stb_image_aug.obj)" шыш эр "C:\Users\User\Desktop\HSE\Programming\C++\╩єЁё 2\OpenGL\ъєЁёрў\Model creator\x64\Debug\SOIL.pdb"; ъюьяюэютър юс·хъЄр т√яюыэ хЄё  ъръ яЁш юЄёєЄёЄтшш юЄырфюўэ√ї фрээ√ї
SOIL.lib(image_DXT.obj) : warning LNK4099: "SOIL.pdb" PDB эх эрщфхэ ё "SOIL.lib(image_DXT.obj)" шыш эр "C:\Users\User\Desktop\HSE\Programming\C++\╩єЁё 2\OpenGL\ъєЁёрў\Model creator\x64\Debug\SOIL.pdb"; ъюьяюэютър юс·хъЄр т√яюыэ хЄё  ъръ яЁш юЄёєЄёЄтшш юЄырфюўэ√ї фрээ√ї
  Model creator.vcxproj -> C:\Users\User\Desktop\HSE\Programming\C++\Курс 2\OpenGL\курсач\Model creator\x64\Debug\Model creator.exe
  Model creator.vcxproj -> C:\Users\User\Desktop\HSE\Programming\C++\Курс 2\OpenGL\курсач\Model creator\x64\Debug\Model creator.pdb (Partial PDB)
