  MCClassEditParticleSystemDlgProc.cpp
c:\users\user\desktop\hse\programming\c++\курс 2\opengl\курсач\model creator\model creator\DrawableObjectPresenter2.h(25): warning C4227: устаревший элемент: пропуск квалификаторов для ссылки
MCClassEditParticleSystemDlgProc.cpp(95): warning C4267: =: преобразование из "size_t" в "int"; возможна потеря данных
MCClassEditParticleSystemDlgProc.cpp(96): warning C4267: аргумент: преобразование из "size_t" в "int"; возможна потеря данных
MCClassEditParticleSystemDlgProc.cpp(150): warning C4244: =: преобразование "GLfloat" в "int", возможна потеря данных
MCClassEditParticleSystemDlgProc.cpp(20): warning C4101: selectedItem: неиспользованная локальная переменная
MCClassEditParticleSystemDlgProc.cpp(22): warning C4101: lbItem: неиспользованная локальная переменная
  GraphicHelper.cpp
c:\users\user\desktop\hse\programming\c++\курс 2\opengl\курсач\model creator\model creator\DrawableObjectPresenter2.h(25): warning C4227: устаревший элемент: пропуск квалификаторов для ссылки
GraphicHelper.cpp(36): warning C4244: аргумент: преобразование "GLdouble" в "GLint", возможна потеря данных
  ListController.cpp
c:\users\user\desktop\hse\programming\c++\курс 2\opengl\курсач\model creator\model creator\DrawableObjectPresenter2.h(25): warning C4227: устаревший элемент: пропуск квалификаторов для ссылки
ListController.cpp(17): warning C4244: инициализация: преобразование "LRESULT" в "int", возможна потеря данных
ListController.cpp(41): warning C4267: инициализация: преобразование из "size_t" в "int"; возможна потеря данных
ListController.cpp(42): warning C4244: инициализация: преобразование "LRESULT" в "int", возможна потеря данных
ListController.cpp(64): warning C4244: инициализация: преобразование "LRESULT" в "int", возможна потеря данных
ListController.cpp(96): warning C4244: инициализация: преобразование "LRESULT" в "int", возможна потеря данных
ListController.cpp(97): warning C4244: инициализация: преобразование "LRESULT" в "int", возможна потеря данных
ListController.cpp(126): warning C4267: инициализация: преобразование из "size_t" в "int"; возможна потеря данных
ListController.cpp(128): warning C4244: инициализация: преобразование "LRESULT" в "int", возможна потеря данных
ListController.cpp(130): warning C4800: UINT: принудительно задано логическое значение "true" или "false" (предупреждение о производительности)
  Loader.cpp
c:\users\user\desktop\hse\programming\c++\курс 2\opengl\курсач\model creator\model creator\DrawableObjectPresenter2.h(25): warning C4227: устаревший элемент: пропуск квалификаторов для ссылки
c:\users\user\desktop\hse\programming\c++\курс 2\opengl\курсач\model creator\model creator\Logger.h(29): warning C4091: static : пропускается слева от "Logger::LogType", когда ни одна переменная не объявлена
Loader.cpp(126): warning C4267: аргумент: преобразование из "size_t" в "int"; возможна потеря данных
  Logger.cpp
c:\users\user\desktop\hse\programming\c++\курс 2\opengl\курсач\model creator\model creator\DrawableObjectPresenter2.h(25): warning C4227: устаревший элемент: пропуск квалификаторов для ссылки
c:\users\user\desktop\hse\programming\c++\курс 2\opengl\курсач\model creator\model creator\Logger.h(29): warning C4091: static : пропускается слева от "Logger::LogType", когда ни одна переменная не объявлена
Logger.cpp(8): warning C4267: инициализация: преобразование из "size_t" в "int"; возможна потеря данных
Logger.cpp(40): warning C4800: HWND__ *: принудительно задано логическое значение "true" или "false" (предупреждение о производительности)
Logger.cpp(54): warning C4800: HWND__ *: принудительно задано логическое значение "true" или "false" (предупреждение о производительности)
Logger.cpp(74): warning C4800: HWND__ *: принудительно задано логическое значение "true" или "false" (предупреждение о производительности)
Logger.cpp(169): warning C4244: инициализация: преобразование "LRESULT" в "int", возможна потеря данных
Logger.cpp(204): warning C4244: инициализация: преобразование "LRESULT" в "int", возможна потеря данных
Logger.cpp(239): warning C4800: HWND__ *: принудительно задано логическое значение "true" или "false" (предупреждение о производительности)
Logger.cpp(253): warning C4800: HWND__ *: принудительно задано логическое значение "true" или "false" (предупреждение о производительности)
Logger.cpp(273): warning C4800: HWND__ *: принудительно задано логическое значение "true" или "false" (предупреждение о производительности)
Logger.cpp(393): warning C4244: инициализация: преобразование "LRESULT" в "int", возможна потеря данных
Logger.cpp(412): warning C4244: инициализация: преобразование "LRESULT" в "int", возможна потеря данных
  LoggerCreateDelObj.cpp
  LoggerMoveObjs.cpp
  LoggerRotObjs.cpp
  LoggerScalObjs.cpp
  LoggerSetTexColor.cpp
  MCClassItemEditDlgProc.cpp
c:\users\user\desktop\hse\programming\c++\курс 2\opengl\курсач\model creator\model creator\DrawableObjectPresenter2.h(25): warning C4227: устаревший элемент: пропуск квалификаторов для ссылки
c:\users\user\desktop\hse\programming\c++\курс 2\opengl\курсач\model creator\model creator\Logger.h(29): warning C4091: static : пропускается слева от "Logger::LogType", когда ни одна переменная не объявлена
MCClassItemEditDlgProc.cpp(690): warning C4800: UINT: принудительно задано логическое значение "true" или "false" (предупреждение о производительности)
MCClassItemEditDlgProc.cpp(700): warning C4800: UINT: принудительно задано логическое значение "true" или "false" (предупреждение о производительности)
MCClassItemEditDlgProc.cpp(994): warning C4503: std::_Tree<std::_Tmap_traits<_Kty,_Ty,_Pr,_Alloc,false>>::_Insert_hint: длина внутреннего имени объекта в компиляторе превысила максимальное значение, имя усечено
          with
          [
              _Kty=DrawableObjectsPresenter2 *,
              _Ty=std::map<std::string,std::map<int,AreaForParticleSys,std::less<int>,std::allocator<std::pair<const int,AreaForParticleSys>>>,std::less<std::string>,std::allocator<std::pair<const std::string,std::map<int,AreaForParticleSys,std::less<int>,std::allocator<std::pair<const int,AreaForParticleSys>>>>>>,
              _Pr=std::less<DrawableObjectsPresenter2 *>,
              _Alloc=std::allocator<std::pair<DrawableObjectsPresenter2 *const ,std::map<std::string,std::map<int,AreaForParticleSys,std::less<int>,std::allocator<std::pair<const int,AreaForParticleSys>>>,std::less<std::string>,std::allocator<std::pair<const std::string,std::map<int,AreaForParticleSys,std::less<int>,std::allocator<std::pair<const int,AreaForParticleSys>>>>>>>>
          ]
  MCClassItemsAddDlgProc.cpp
c:\users\user\desktop\hse\programming\c++\курс 2\opengl\курсач\model creator\model creator\DrawableObjectPresenter2.h(25): warning C4227: устаревший элемент: пропуск квалификаторов для ссылки
MCClassItemsAddDlgProc.cpp(28): warning C4101: obj: неиспользованная локальная переменная
MCClassItemsAddDlgProc.cpp(24): warning C4101: selectedItem: неиспользованная локальная переменная
  Particle.cpp
  ParticlePresenter.cpp
c:\users\user\desktop\hse\programming\c++\курс 2\opengl\курсач\model creator\model creator\DrawableObjectPresenter2.h(25): warning C4227: устаревший элемент: пропуск квалификаторов для ссылки
  ParticleSystem.cpp
c:\users\user\desktop\hse\programming\c++\курс 2\opengl\курсач\model creator\model creator\DrawableObjectPresenter2.h(25): warning C4227: устаревший элемент: пропуск квалификаторов для ссылки
ParticleSystem.cpp(8): warning C4244: инициализация: преобразование "GLfloat" в "int", возможна потеря данных
ParticleSystem.cpp(16): warning C4244: инициализация: преобразование "int" в "GLfloat", возможна потеря данных
ParticleSystem.cpp(18): warning C4244: инициализация: преобразование "int" в "GLfloat", возможна потеря данных
ParticleSystem.cpp(23): warning C4244: инициализация: преобразование "int" в "GLfloat", возможна потеря данных
ParticleSystem.cpp(24): warning C4305: /=: усечение из "double" к "GLfloat"
ParticleSystem.cpp(53): warning C4244: инициализация: преобразование "GLfloat" в "int", возможна потеря данных
ParticleSystem.cpp(61): warning C4244: инициализация: преобразование "int" в "GLfloat", возможна потеря данных
ParticleSystem.cpp(63): warning C4244: инициализация: преобразование "int" в "GLfloat", возможна потеря данных
ParticleSystem.cpp(68): warning C4244: инициализация: преобразование "int" в "GLfloat", возможна потеря данных
ParticleSystem.cpp(69): warning C4305: /=: усечение из "double" к "GLfloat"
ParticleSystem.cpp(157): warning C4244: инициализация: преобразование "GLfloat" в "int", возможна потеря данных
  ParticleSystemPresenter.cpp
c:\users\user\desktop\hse\programming\c++\курс 2\opengl\курсач\model creator\model creator\DrawableObjectPresenter2.h(25): warning C4227: устаревший элемент: пропуск квалификаторов для ссылки
ParticleSystemPresenter.cpp(81): warning C4267: =: преобразование из "size_t" в "int"; возможна потеря данных
ParticleSystemPresenter.cpp(92): warning C4267: =: преобразование из "size_t" в "int"; возможна потеря данных
  RoundObjHelper.cpp
RoundObjHelper.cpp(10): warning C4267: инициализация: преобразование из "size_t" в "int"; возможна потеря данных
RoundObjHelper.cpp(28): warning C4244: инициализация: преобразование "double" в "float", возможна потеря данных
RoundObjHelper.cpp(37): warning C4244: аргумент: преобразование "double" в "const float", возможна потеря данных
RoundObjHelper.cpp(38): warning C4244: аргумент: преобразование "double" в "float", возможна потеря данных
RoundObjHelper.cpp(39): warning C4244: +=: преобразование "double" в "float", возможна потеря данных
RoundObjHelper.cpp(70): warning C4244: аргумент: преобразование "double" в "GLfloat", возможна потеря данных
RoundObjHelper.cpp(176): warning C4244: аргумент: преобразование "double" в "const float", возможна потеря данных
RoundObjHelper.cpp(177): warning C4244: аргумент: преобразование "double" в "float", возможна потеря данных
RoundObjHelper.cpp(274): warning C4244: аргумент: преобразование "double" в "const float", возможна потеря данных
RoundObjHelper.cpp(275): warning C4244: аргумент: преобразование "double" в "float", возможна потеря данных
RoundObjHelper.cpp(391): warning C4244: аргумент: преобразование "double" в "float", возможна потеря данных
RoundObjHelper.cpp(401): warning C4244: аргумент: преобразование "double" в "const float", возможна потеря данных
RoundObjHelper.cpp(408): warning C4244: аргумент: преобразование "double" в "const float", возможна потеря данных
RoundObjHelper.cpp(421): warning C4267: инициализация: преобразование из "size_t" в "int"; возможна потеря данных
RoundObjHelper.cpp(446): warning C4244: аргумент: преобразование "double" в "const float", возможна потеря данных
RoundObjHelper.cpp(447): warning C4244: аргумент: преобразование "double" в "float", возможна потеря данных
RoundObjHelper.cpp(542): warning C4267: инициализация: преобразование из "size_t" в "int"; возможна потеря данных
RoundObjHelper.cpp(543): warning C4267: инициализация: преобразование из "size_t" в "int"; возможна потеря данных
RoundObjHelper.cpp(549): warning C4267: =: преобразование из "size_t" в "int"; возможна потеря данных
RoundObjHelper.cpp(550): warning C4267: =: преобразование из "size_t" в "int"; возможна потеря данных
  Saver.cpp
c:\users\user\desktop\hse\programming\c++\курс 2\opengl\курсач\model creator\model creator\DrawableObjectPresenter2.h(25): warning C4227: устаревший элемент: пропуск квалификаторов для ссылки
Saver.cpp(20): warning C4267: инициализация: преобразование из "size_t" в "int"; возможна потеря данных
  SelectedCube.cpp
  structs.cpp
  Компиляция...
  WinCreateModel.cpp
c:\users\user\desktop\hse\programming\c++\курс 2\opengl\курсач\model creator\model creator\DrawableObjectPresenter2.h(25): warning C4227: устаревший элемент: пропуск квалификаторов для ссылки
c:\users\user\desktop\hse\programming\c++\курс 2\opengl\курсач\model creator\model creator\Logger.h(29): warning C4091: static : пропускается слева от "Logger::LogType", когда ни одна переменная не объявлена
c:\users\user\desktop\hse\programming\c++\курс 2\opengl\курсач\model creator\model creator\AddRoundObjsDlg.h(5): warning C4005: IDC_STATIC_VPOS_X3: изменение макроопределения
  c:\users\user\desktop\hse\programming\c++\курс 2\opengl\курсач\model creator\model creator\rotationDlg.h(53): note: см. предыдущее определение "IDC_STATIC_VPOS_X3"
c:\users\user\desktop\hse\programming\c++\курс 2\opengl\курсач\model creator\model creator\AddRoundObjsDlg.h(8): warning C4005: IDC_STATIC_VPOS_X4: изменение макроопределения
  c:\users\user\desktop\hse\programming\c++\курс 2\opengl\курсач\model creator\model creator\rotationDlg.h(54): note: см. предыдущее определение "IDC_STATIC_VPOS_X4"
c:\users\user\desktop\hse\programming\c++\курс 2\opengl\курсач\model creator\model creator\ParticleSystemsDlg.h(6): warning C4005: IDC_LIST1: изменение макроопределения
  c:\users\user\desktop\hse\programming\c++\курс 2\opengl\курсач\model creator\model creator\resource.h(16): note: см. предыдущее определение "IDC_LIST1"
c:\users\user\desktop\hse\programming\c++\курс 2\opengl\курсач\model creator\model creator\rotationDlg.h(53): warning C4005: IDC_STATIC_VPOS_X3: изменение макроопределения
  c:\users\user\desktop\hse\programming\c++\курс 2\opengl\курсач\model creator\model creator\AddRoundObjsDlg.h(5): note: см. предыдущее определение "IDC_STATIC_VPOS_X3"
c:\users\user\desktop\hse\programming\c++\курс 2\opengl\курсач\model creator\model creator\rotationDlg.h(54): warning C4005: IDC_STATIC_VPOS_X4: изменение макроопределения
  c:\users\user\desktop\hse\programming\c++\курс 2\opengl\курсач\model creator\model creator\AddRoundObjsDlg.h(8): note: см. предыдущее определение "IDC_STATIC_VPOS_X4"
c:\users\user\desktop\hse\programming\c++\курс 2\opengl\курсач\model creator\model creator\AddRoundObjsDlg.h(5): warning C4005: IDC_STATIC_VPOS_X3: изменение макроопределения
  c:\users\user\desktop\hse\programming\c++\курс 2\opengl\курсач\model creator\model creator\rotationDlg.h(53): note: см. предыдущее определение "IDC_STATIC_VPOS_X3"
c:\users\user\desktop\hse\programming\c++\курс 2\opengl\курсач\model creator\model creator\AddRoundObjsDlg.h(8): warning C4005: IDC_STATIC_VPOS_X4: изменение макроопределения
  c:\users\user\desktop\hse\programming\c++\курс 2\opengl\курсач\model creator\model creator\rotationDlg.h(54): note: см. предыдущее определение "IDC_STATIC_VPOS_X4"
WinCreateModel.cpp(47): warning C4244: инициализация: преобразование "__int64" в "int", возможна потеря данных
WinCreateModel.cpp(149): warning C4305: аргумент: усечение из "double" к "GLfloat"
WinCreateModel.cpp(179): warning C4129: *: неизвестная escape-последовательность
WinCreateModel.cpp(316): warning C4244: инициализация: преобразование "LRESULT" в "int", возможна потеря данных
WinCreateModel.cpp(353): warning C4267: инициализация: преобразование из "size_t" в "int"; возможна потеря данных
WinCreateModel.cpp(354): warning C4244: инициализация: преобразование "LRESULT" в "int", возможна потеря данных
WinCreateModel.cpp(376): warning C4244: инициализация: преобразование "LRESULT" в "int", возможна потеря данных
WinCreateModel.cpp(408): warning C4244: инициализация: преобразование "LRESULT" в "int", возможна потеря данных
WinCreateModel.cpp(409): warning C4244: инициализация: преобразование "LRESULT" в "int", возможна потеря данных
WinCreateModel.cpp(435): warning C4267: инициализация: преобразование из "size_t" в "int"; возможна потеря данных
WinCreateModel.cpp(437): warning C4244: инициализация: преобразование "LRESULT" в "int", возможна потеря данных
WinCreateModel.cpp(439): warning C4800: UINT: принудительно задано логическое значение "true" или "false" (предупреждение о производительности)
WinCreateModel.cpp(721): warning C4101: selectedItem: неиспользованная локальная переменная
WinCreateModel.cpp(882): warning C4244: инициализация: преобразование "GLfloat" в "int", возможна потеря данных
WinCreateModel.cpp(888): warning C4305: аргумент: усечение из "double" к "GLfloat"
WinCreateModel.cpp(923): warning C4244: аргумент: преобразование "GLfloat" в "int", возможна потеря данных
WinCreateModel.cpp(925): warning C4305: аргумент: усечение из "double" к "GLfloat"
WinCreateModel.cpp(958): warning C4244: аргумент: преобразование "GLfloat" в "int", возможна потеря данных
WinCreateModel.cpp(960): warning C4305: аргумент: усечение из "double" к "GLfloat"
WinCreateModel.cpp(991): warning C4244: аргумент: преобразование "GLfloat" в "int", возможна потеря данных
WinCreateModel.cpp(993): warning C4305: аргумент: усечение из "double" к "GLfloat"
WinCreateModel.cpp(1263): warning C4244: инициализация: преобразование "LRESULT" в "int", возможна потеря данных
WinCreateModel.cpp(1374): warning C4800: UINT: принудительно задано логическое значение "true" или "false" (предупреждение о производительности)
WinCreateModel.cpp(1386): warning C4800: UINT: принудительно задано логическое значение "true" или "false" (предупреждение о производительности)
WinCreateModel.cpp(1137): warning C4101: i: неиспользованная локальная переменная
WinCreateModel.cpp(1145): warning C4101: intNum: неиспользованная локальная переменная
WinCreateModel.cpp(1146): warning C4101: objId: неиспользованная локальная переменная
WinCreateModel.cpp(1791): warning C4244: инициализация: преобразование "LRESULT" в "int", возможна потеря данных
WinCreateModel.cpp(2018): warning C4244: аргумент: преобразование "LONG" в "GLfloat", возможна потеря данных
  DrawableObject2.cpp
  DrawableObjectPresenter2.cpp
c:\users\user\desktop\hse\programming\c++\курс 2\opengl\курсач\model creator\model creator\DrawableObjectPresenter2.h(25): warning C4227: устаревший элемент: пропуск квалификаторов для ссылки
DrawableObjectPresenter2.cpp(105): warning C4227: устаревший элемент: пропуск квалификаторов для ссылки
DrawableObjectPresenter2.cpp(176): warning C4267: return: преобразование из "size_t" в "int"; возможна потеря данных
DrawableObjectPresenter2.cpp(181): warning C4267: return: преобразование из "size_t" в "int"; возможна потеря данных
DrawableObjectPresenter2.cpp(248): warning C4267: =: преобразование из "size_t" в "int"; возможна потеря данных
DrawableObjectPresenter2.cpp(259): warning C4267: =: преобразование из "size_t" в "int"; возможна потеря данных
DrawableObjectPresenter2.cpp(272): warning C4267: =: преобразование из "size_t" в "int"; возможна потеря данных
DrawableObjectPresenter2.cpp(283): warning C4267: =: преобразование из "size_t" в "int"; возможна потеря данных
DrawableObjectPresenter2.cpp(464): warning C4267: инициализация: преобразование из "size_t" в "long"; возможна потеря данных
DrawableObjectPresenter2.cpp(625): warning C4267: инициализация: преобразование из "size_t" в "int"; возможна потеря данных
DrawableObjectPresenter2.cpp(619): warning C4101: mode: неиспользованная локальная переменная
DrawableObjectPresenter2.cpp(617): warning C4101: numOfObjs: неиспользованная локальная переменная
DrawableObjectPresenter2.cpp(618): warning C4101: isTexture: неиспользованная локальная переменная
C:\Program Files (x86)\Microsoft Visual Studio 14.0\VC\include\utility(172): warning C4244: инициализация: преобразование "__int64" в "int", возможна потеря данных
  DrawableObjectPresenter2.cpp(346): note: см. ссылку на создание экземпляров функции шаблон при компиляции "std::pair<int,OpenGL_Base *>::pair<__int64,OpenGL_Base*&,void,0>(_Other1 &&,_Other2) noexcept"
          with
          [
              _Other1=__int64,
              _Other2=OpenGL_Base *&
          ]
  DrawableObjectPresenter2.cpp(346): note: см. ссылку на создание экземпляров функции шаблон при компиляции "std::pair<int,OpenGL_Base *>::pair<__int64,OpenGL_Base*&,void,0>(_Other1 &&,_Other2) noexcept"
          with
          [
              _Other1=__int64,
              _Other2=OpenGL_Base *&
          ]
  helper.cpp
helper.cpp(129): warning C4267: аргумент: преобразование из "size_t" в "GLsizei"; возможна потеря данных
helper.cpp(159): warning C4244: аргумент: преобразование "GLfloat" в "GLubyte", возможна потеря данных
helper.cpp(290): warning C4244: =: преобразование "long double" в "int", возможна потеря данных
helper.cpp(291): warning C4244: =: преобразование "long double" в "int", возможна потеря данных
helper.cpp(292): warning C4244: =: преобразование "long double" в "int", возможна потеря данных
helper.cpp(293): warning C4244: =: преобразование "long double" в "int", возможна потеря данных
helper.cpp(298): warning C4244: =: преобразование "long double" в "int", возможна потеря данных
helper.cpp(299): warning C4244: =: преобразование "long double" в "int", возможна потеря данных
helper.cpp(300): warning C4244: =: преобразование "long double" в "int", возможна потеря данных
helper.cpp(301): warning C4244: =: преобразование "long double" в "int", возможна потеря данных
helper.cpp(307): warning C4244: =: преобразование "long double" в "int", возможна потеря данных
helper.cpp(308): warning C4244: =: преобразование "long double" в "int", возможна потеря данных
helper.cpp(309): warning C4244: =: преобразование "long double" в "int", возможна потеря данных
helper.cpp(310): warning C4244: =: преобразование "long double" в "int", возможна потеря данных
helper.cpp(389): warning C4267: инициализация: преобразование из "size_t" в "long"; возможна потеря данных
helper.cpp(572): warning C4800: int: принудительно задано логическое значение "true" или "false" (предупреждение о производительности)
helper.cpp(573): warning C4806: !=: небезопасная операция: значение типа "bool", приведенное к типу "int", не может равняться данной константе
helper.cpp(576): warning C4800: int: принудительно задано логическое значение "true" или "false" (предупреждение о производительности)
helper.cpp(577): warning C4806: !=: небезопасная операция: значение типа "bool", приведенное к типу "int", не может равняться данной константе
helper.cpp(580): warning C4800: int: принудительно задано логическое значение "true" или "false" (предупреждение о производительности)
helper.cpp(581): warning C4806: !=: небезопасная операция: значение типа "bool", приведенное к типу "int", не может равняться данной константе
  helper2.cpp
c:\users\user\desktop\hse\programming\c++\курс 2\opengl\курсач\model creator\model creator\DrawableObjectPresenter2.h(25): warning C4227: устаревший элемент: пропуск квалификаторов для ссылки
c:\users\user\desktop\hse\programming\c++\курс 2\opengl\курсач\model creator\model creator\Logger.h(29): warning C4091: static : пропускается слева от "Logger::LogType", когда ни одна переменная не объявлена
helper2.cpp(89): warning C4244: инициализация: преобразование "__int64" в "int", возможна потеря данных
  Inits.cpp
Inits.cpp(59): warning C4244: инициализация: преобразование "float" в "int", возможна потеря данных
Inits.cpp(60): warning C4244: инициализация: преобразование "float" в "int", возможна потеря данных
Inits.cpp(66): warning C4244: инициализация: преобразование "float" в "int", возможна потеря данных
Inits.cpp(67): warning C4244: инициализация: преобразование "float" в "int", возможна потеря данных
Inits.cpp(73): warning C4244: инициализация: преобразование "float" в "int", возможна потеря данных
Inits.cpp(74): warning C4244: инициализация: преобразование "float" в "int", возможна потеря данных
  main.cpp
c:\users\user\desktop\hse\programming\c++\курс 2\opengl\курсач\model creator\model creator\DrawableObjectPresenter2.h(25): warning C4227: устаревший элемент: пропуск квалификаторов для ссылки
c:\users\user\desktop\hse\programming\c++\курс 2\opengl\курсач\model creator\model creator\Logger.h(29): warning C4091: static : пропускается слева от "Logger::LogType", когда ни одна переменная не объявлена
c:\users\user\desktop\hse\programming\c++\курс 2\opengl\курсач\model creator\model creator\ParticleSystemsDlg.h(6): warning C4005: IDC_LIST1: изменение макроопределения
  c:\users\user\desktop\hse\programming\c++\курс 2\opengl\курсач\model creator\model creator\resource.h(16): note: см. предыдущее определение "IDC_LIST1"
c:\users\user\desktop\hse\programming\c++\курс 2\opengl\курсач\model creator\model creator\AddRoundObjsDlg.h(5): warning C4005: IDC_STATIC_VPOS_X3: изменение макроопределения
  c:\users\user\desktop\hse\programming\c++\курс 2\opengl\курсач\model creator\model creator\rotationDlg.h(53): note: см. предыдущее определение "IDC_STATIC_VPOS_X3"
c:\users\user\desktop\hse\programming\c++\курс 2\opengl\курсач\model creator\model creator\AddRoundObjsDlg.h(8): warning C4005: IDC_STATIC_VPOS_X4: изменение макроопределения
  c:\users\user\desktop\hse\programming\c++\курс 2\opengl\курсач\model creator\model creator\rotationDlg.h(54): note: см. предыдущее определение "IDC_STATIC_VPOS_X4"
c:\users\user\desktop\hse\programming\c++\курс 2\opengl\курсач\model creator\model creator\resource.h(16): warning C4005: IDC_LIST1: изменение макроопределения
  c:\users\user\desktop\hse\programming\c++\курс 2\opengl\курсач\model creator\model creator\ParticleSystemsDlg.h(6): note: см. предыдущее определение "IDC_LIST1"
c:\users\user\desktop\hse\programming\c++\курс 2\opengl\курсач\model creator\model creator\rotationDlg.h(53): warning C4005: IDC_STATIC_VPOS_X3: изменение макроопределения
  c:\users\user\desktop\hse\programming\c++\курс 2\opengl\курсач\model creator\model creator\AddRoundObjsDlg.h(5): note: см. предыдущее определение "IDC_STATIC_VPOS_X3"
c:\users\user\desktop\hse\programming\c++\курс 2\opengl\курсач\model creator\model creator\rotationDlg.h(54): warning C4005: IDC_STATIC_VPOS_X4: изменение макроопределения
  c:\users\user\desktop\hse\programming\c++\курс 2\opengl\курсач\model creator\model creator\AddRoundObjsDlg.h(8): note: см. предыдущее определение "IDC_STATIC_VPOS_X4"
c:\users\user\desktop\hse\programming\c++\курс 2\opengl\курсач\model creator\model creator\AddRoundObjsDlg.h(5): warning C4005: IDC_STATIC_VPOS_X3: изменение макроопределения
  c:\users\user\desktop\hse\programming\c++\курс 2\opengl\курсач\model creator\model creator\rotationDlg.h(53): note: см. предыдущее определение "IDC_STATIC_VPOS_X3"
c:\users\user\desktop\hse\programming\c++\курс 2\opengl\курсач\model creator\model creator\AddRoundObjsDlg.h(8): warning C4005: IDC_STATIC_VPOS_X4: изменение макроопределения
  c:\users\user\desktop\hse\programming\c++\курс 2\opengl\курсач\model creator\model creator\rotationDlg.h(54): note: см. предыдущее определение "IDC_STATIC_VPOS_X4"
c:\users\user\desktop\hse\programming\c++\курс 2\opengl\курсач\model creator\model creator\ParticleSystemsDlg.h(6): warning C4005: IDC_LIST1: изменение макроопределения
  c:\users\user\desktop\hse\programming\c++\курс 2\opengl\курсач\model creator\model creator\resource.h(16): note: см. предыдущее определение "IDC_LIST1"
  OpenGL_Base.cpp
  WinCreateParticleSystem.cpp
c:\users\user\desktop\hse\programming\c++\курс 2\opengl\курсач\model creator\model creator\DrawableObjectPresenter2.h(25): warning C4227: устаревший элемент: пропуск квалификаторов для ссылки
c:\users\user\desktop\hse\programming\c++\курс 2\opengl\курсач\model creator\model creator\Logger.h(29): warning C4091: static : пропускается слева от "Logger::LogType", когда ни одна переменная не объявлена
c:\users\user\desktop\hse\programming\c++\курс 2\opengl\курсач\model creator\model creator\AddRoundObjsDlg.h(5): warning C4005: IDC_STATIC_VPOS_X3: изменение макроопределения
  c:\users\user\desktop\hse\programming\c++\курс 2\opengl\курсач\model creator\model creator\rotationDlg.h(53): note: см. предыдущее определение "IDC_STATIC_VPOS_X3"
c:\users\user\desktop\hse\programming\c++\курс 2\opengl\курсач\model creator\model creator\AddRoundObjsDlg.h(8): warning C4005: IDC_STATIC_VPOS_X4: изменение макроопределения
  c:\users\user\desktop\hse\programming\c++\курс 2\opengl\курсач\model creator\model creator\rotationDlg.h(54): note: см. предыдущее определение "IDC_STATIC_VPOS_X4"
c:\users\user\desktop\hse\programming\c++\курс 2\opengl\курсач\model creator\model creator\rotationDlg.h(53): warning C4005: IDC_STATIC_VPOS_X3: изменение макроопределения
  c:\users\user\desktop\hse\programming\c++\курс 2\opengl\курсач\model creator\model creator\AddRoundObjsDlg.h(5): note: см. предыдущее определение "IDC_STATIC_VPOS_X3"
c:\users\user\desktop\hse\programming\c++\курс 2\opengl\курсач\model creator\model creator\rotationDlg.h(54): warning C4005: IDC_STATIC_VPOS_X4: изменение макроопределения
  c:\users\user\desktop\hse\programming\c++\курс 2\opengl\курсач\model creator\model creator\AddRoundObjsDlg.h(8): note: см. предыдущее определение "IDC_STATIC_VPOS_X4"
WinCreateParticleSystem.cpp(181): warning C4129: *: неизвестная escape-последовательность
WinCreateParticleSystem.cpp(376): warning C4101: obj: неиспользованная локальная переменная
WinCreateParticleSystem.cpp(372): warning C4101: selectedItem: неиспользованная локальная переменная
WinCreateParticleSystem.cpp(492): warning C4244: инициализация: преобразование "GLfloat" в "int", возможна потеря данных
WinCreateParticleSystem.cpp(496): warning C4305: аргумент: усечение из "double" к "GLfloat"
WinCreateParticleSystem.cpp(578): warning C4244: аргумент: преобразование "GLfloat" в "int", возможна потеря данных
WinCreateParticleSystem.cpp(580): warning C4305: аргумент: усечение из "double" к "GLfloat"
WinCreateParticleSystem.cpp(659): warning C4244: аргумент: преобразование "GLfloat" в "int", возможна потеря данных
WinCreateParticleSystem.cpp(661): warning C4305: аргумент: усечение из "double" к "GLfloat"
WinCreateParticleSystem.cpp(738): warning C4244: аргумент: преобразование "GLfloat" в "int", возможна потеря данных
WinCreateParticleSystem.cpp(740): warning C4305: аргумент: усечение из "double" к "GLfloat"
WinCreateParticleSystem.cpp(815): warning C4101: i: неиспользованная локальная переменная
WinCreateParticleSystem.cpp(813): warning C4101: selectedItem: неиспользованная локальная переменная
WinCreateParticleSystem.cpp(815): warning C4101: lbItem: неиспользованная локальная переменная
WinCreateParticleSystem.cpp(1390): warning C4267: =: преобразование из "size_t" в "int"; возможна потеря данных
WinCreateParticleSystem.cpp(1391): warning C4267: аргумент: преобразование из "size_t" в "int"; возможна потеря данных
WinCreateParticleSystem.cpp(1445): warning C4244: =: преобразование "GLfloat" в "int", возможна потеря данных
WinCreateParticleSystem.cpp(1315): warning C4101: selectedItem: неиспользованная локальная переменная
WinCreateParticleSystem.cpp(1317): warning C4101: lbItem: неиспользованная локальная переменная
WinCreateParticleSystem.cpp(1575): warning C4101: edit: неиспользованная локальная переменная
WinCreateParticleSystem.cpp(1727): warning C4244: инициализация: преобразование "LRESULT" в "long", возможна потеря данных
WinCreateParticleSystem.cpp(1735): warning C4244: =: преобразование "LRESULT" в "long", возможна потеря данных
WinCreateParticleSystem.cpp(1770): warning C4244: =: преобразование "GLfloat" в "int", возможна потеря данных
WinCreateParticleSystem.cpp(1605): warning C4101: i: неиспользованная локальная переменная
WinCreateParticleSystem.cpp(1611): warning C4101: intNum: неиспользованная локальная переменная
WinCreateParticleSystem.cpp(1612): warning C4101: objId: неиспользованная локальная переменная
WinCreateParticleSystem.cpp(1936): warning C4244: инициализация: преобразование "LRESULT" в "int", возможна потеря данных
WinCreateParticleSystem.cpp(2087): warning C4244: инициализация: преобразование "__int64" в "int", возможна потеря данных
WinCreateParticleSystem.cpp(2141): warning C4305: аргумент: усечение из "double" к "GLfloat"
WinCreateParticleSystem.cpp(2161): warning C4244: =: преобразование "float" в "int", возможна потеря данных
WinCreateParticleSystem.cpp(2167): warning C4503: std::_Tree<std::_Tmap_traits<_Kty,_Ty,_Pr,_Alloc,false>>::_Insert_hint: длина внутреннего имени объекта в компиляторе превысила максимальное значение, имя усечено
          with
          [
              _Kty=DrawableObjectsPresenter2 *,
              _Ty=std::map<std::string,std::map<int,AreaForParticleSys,std::less<int>,std::allocator<std::pair<const int,AreaForParticleSys>>>,std::less<std::string>,std::allocator<std::pair<const std::string,std::map<int,AreaForParticleSys,std::less<int>,std::allocator<std::pair<const int,AreaForParticleSys>>>>>>,
              _Pr=std::less<DrawableObjectsPresenter2 *>,
              _Alloc=std::allocator<std::pair<DrawableObjectsPresenter2 *const ,std::map<std::string,std::map<int,AreaForParticleSys,std::less<int>,std::allocator<std::pair<const int,AreaForParticleSys>>>,std::less<std::string>,std::allocator<std::pair<const std::string,std::map<int,AreaForParticleSys,std::less<int>,std::allocator<std::pair<const int,AreaForParticleSys>>>>>>>>
          ]
  WindowHelper.cpp
WindowHelper.cpp(91): warning C4838: преобразование из "int" в "BYTE" требует сужающего преобразования
  Win3DMapRedactor.cpp
c:\users\user\desktop\hse\programming\c++\курс 2\opengl\курсач\model creator\model creator\DrawableObjectPresenter2.h(25): warning C4227: устаревший элемент: пропуск квалификаторов для ссылки
c:\users\user\desktop\hse\programming\c++\курс 2\opengl\курсач\model creator\model creator\Logger.h(29): warning C4091: static : пропускается слева от "Logger::LogType", когда ни одна переменная не объявлена
c:\users\user\desktop\hse\programming\c++\курс 2\opengl\курсач\model creator\model creator\ParticleSystemsDlg.h(6): warning C4005: IDC_LIST1: изменение макроопределения
  c:\users\user\desktop\hse\programming\c++\курс 2\opengl\курсач\model creator\model creator\resource.h(16): note: см. предыдущее определение "IDC_LIST1"
c:\users\user\desktop\hse\programming\c++\курс 2\opengl\курсач\model creator\model creator\AddRoundObjsDlg.h(5): warning C4005: IDC_STATIC_VPOS_X3: изменение макроопределения
  c:\users\user\desktop\hse\programming\c++\курс 2\opengl\курсач\model creator\model creator\rotationDlg.h(53): note: см. предыдущее определение "IDC_STATIC_VPOS_X3"
c:\users\user\desktop\hse\programming\c++\курс 2\opengl\курсач\model creator\model creator\AddRoundObjsDlg.h(8): warning C4005: IDC_STATIC_VPOS_X4: изменение макроопределения
  c:\users\user\desktop\hse\programming\c++\курс 2\opengl\курсач\model creator\model creator\rotationDlg.h(54): note: см. предыдущее определение "IDC_STATIC_VPOS_X4"
c:\users\user\desktop\hse\programming\c++\курс 2\opengl\курсач\model creator\model creator\resource.h(16): warning C4005: IDC_LIST1: изменение макроопределения
  c:\users\user\desktop\hse\programming\c++\курс 2\opengl\курсач\model creator\model creator\ParticleSystemsDlg.h(6): note: см. предыдущее определение "IDC_LIST1"
c:\users\user\desktop\hse\programming\c++\курс 2\opengl\курсач\model creator\model creator\rotationDlg.h(53): warning C4005: IDC_STATIC_VPOS_X3: изменение макроопределения
  c:\users\user\desktop\hse\programming\c++\курс 2\opengl\курсач\model creator\model creator\AddRoundObjsDlg.h(5): note: см. предыдущее определение "IDC_STATIC_VPOS_X3"
c:\users\user\desktop\hse\programming\c++\курс 2\opengl\курсач\model creator\model creator\rotationDlg.h(54): warning C4005: IDC_STATIC_VPOS_X4: изменение макроопределения
  c:\users\user\desktop\hse\programming\c++\курс 2\opengl\курсач\model creator\model creator\AddRoundObjsDlg.h(8): note: см. предыдущее определение "IDC_STATIC_VPOS_X4"
c:\users\user\desktop\hse\programming\c++\курс 2\opengl\курсач\model creator\model creator\AddRoundObjsDlg.h(5): warning C4005: IDC_STATIC_VPOS_X3: изменение макроопределения
  c:\users\user\desktop\hse\programming\c++\курс 2\opengl\курсач\model creator\model creator\rotationDlg.h(53): note: см. предыдущее определение "IDC_STATIC_VPOS_X3"
c:\users\user\desktop\hse\programming\c++\курс 2\opengl\курсач\model creator\model creator\AddRoundObjsDlg.h(8): warning C4005: IDC_STATIC_VPOS_X4: изменение макроопределения
  c:\users\user\desktop\hse\programming\c++\курс 2\opengl\курсач\model creator\model creator\rotationDlg.h(54): note: см. предыдущее определение "IDC_STATIC_VPOS_X4"
c:\users\user\desktop\hse\programming\c++\курс 2\opengl\курсач\model creator\model creator\ParticleSystemsDlg.h(6): warning C4005: IDC_LIST1: изменение макроопределения
  c:\users\user\desktop\hse\programming\c++\курс 2\opengl\курсач\model creator\model creator\resource.h(16): note: см. предыдущее определение "IDC_LIST1"
Win3DMapRedactor.cpp(39): warning C4129: *: неизвестная escape-последовательность
Win3DMapRedactor.cpp(166): warning C4244: инициализация: преобразование "LRESULT" в "int", возможна потеря данных
Win3DMapRedactor.cpp(356): warning C4800: BOOL: принудительно задано логическое значение "true" или "false" (предупреждение о производительности)
Win3DMapRedactor.cpp(658): warning C4244: инициализация: преобразование "LRESULT" в "int", возможна потеря данных
Win3DMapRedactor.cpp(559): warning C4101: i: неиспользованная локальная переменная
Win3DMapRedactor.cpp(565): warning C4101: objId: неиспользованная локальная переменная
Win3DMapRedactor.cpp(713): warning C4244: инициализация: преобразование "__int64" в "int", возможна потеря данных
Win3DMapRedactor.cpp(752): warning C4305: аргумент: усечение из "double" к "GLfloat"
  Создание кода
c:\users\user\desktop\hse\programming\c++\курс 2\opengl\курсач\model creator\model creator\particlesystem.cpp(91): warning C4715: ParticleSystem::genEndPoint: значение возвращается не при всех путях выполнения
c:\users\user\desktop\hse\programming\c++\курс 2\opengl\курсач\model creator\model creator\particlesystem.cpp(46): warning C4715: ParticleSystem::genStartPoint: значение возвращается не при всех путях выполнения
  2481 of 7590 functions (32.7%) were compiled, the rest were copied from previous compilation.
    698 functions were new in current compilation
    757 functions had inline decision re-evaluated but remain unchanged
  Создание кода завершено
  Model creator.vcxproj -> C:\Users\User\Desktop\HSE\Programming\C++\Курс 2\OpenGL\курсач\Model creator\x64\Release\Model creator.exe
  Model creator.vcxproj -> C:\Users\User\Desktop\HSE\Programming\C++\Курс 2\OpenGL\курсач\Model creator\x64\Release\Model creator.pdb (Full PDB)
